# JRE version: Java(TM) SE Runtime Environment (8.0_181-b13) (build 1.8.0_181-b13)
# Java VM: Java HotSpot(TM) 64-Bit Server VM (25.181-b13 mixed mode windows-amd64 compressed oops)
Heap:
 PSYoungGen      total 186880K, used 78897K [0x000000076ad80000, 0x0000000777f00000, 0x00000007c0000000)
  eden space 160768K, 32% used [0x000000076ad80000,0x000000076e10ed58,0x0000000774a80000)
  from space 26112K, 99% used [0x0000000774a80000,0x00000007763fd7d0,0x0000000776400000)
  to   space 24064K, 0% used [0x0000000776400000,0x0000000776400000,0x0000000777b80000)
 ParOldGen       total 159744K, used 81437K [0x00000006c0800000, 0x00000006ca400000, 0x000000076ad80000)
  object space 159744K, 50% used [0x00000006c0800000,0x00000006c5787670,0x00000006ca400000)
 Metaspace       used 41931K, capacity 45410K, committed 45568K, reserved 1087488K
  class space    used 7175K, capacity 7819K, committed 7936K, reserved 1048576K
GC Heap History (10 events):
Event: 4.879 GC heap before
{Heap before GC invocations=7 (full 2):
 PSYoungGen      total 114176K, used 10743K [0x000000076ad80000, 0x0000000777b80000, 0x00000007c0000000)
  eden space 103424K, 0% used [0x000000076ad80000,0x000000076ad80000,0x0000000771280000)
  from space 10752K, 99% used [0x0000000771280000,0x0000000771cfde38,0x0000000771d00000)
  to   space 24064K, 0% used [0x0000000776400000,0x0000000776400000,0x0000000777b80000)
 ParOldGen       total 97792K, used 22737K [0x00000006c0800000, 0x00000006c6780000, 0x000000076ad80000)
  object space 97792K, 23% used [0x00000006c0800000,0x00000006c1e34628,0x00000006c6780000)
 Metaspace       used 34469K, capacity 35386K, committed 35456K, reserved 1079296K
  class space    used 6063K, capacity 6258K, committed 6272K, reserved 1048576K
Event: 4.940 GC heap after
Heap after GC invocations=7 (full 2):
 PSYoungGen      total 114176K, used 0K [0x000000076ad80000, 0x0000000777b80000, 0x00000007c0000000)
  eden space 103424K, 0% used [0x000000076ad80000,0x000000076ad80000,0x0000000771280000)
  from space 10752K, 0% used [0x0000000771280000,0x0000000771280000,0x0000000771d00000)
  to   space 24064K, 0% used [0x0000000776400000,0x0000000776400000,0x0000000777b80000)
 ParOldGen       total 159744K, used 25053K [0x00000006c0800000, 0x00000006ca400000, 0x000000076ad80000)
  object space 159744K, 15% used [0x00000006c0800000,0x00000006c2077608,0x00000006ca400000)
 Metaspace       used 34469K, capacity 35386K, committed 35456K, reserved 1079296K
  class space    used 6063K, capacity 6258K, committed 6272K, reserved 1048576K
}
Event: 7.090 GC heap before
{Heap before GC invocations=8 (full 2):
 PSYoungGen      total 114176K, used 103424K [0x000000076ad80000, 0x0000000777b80000, 0x00000007c0000000)
  eden space 103424K, 100% used [0x000000076ad80000,0x0000000771280000,0x0000000771280000)
  from space 10752K, 0% used [0x0000000771280000,0x0000000771280000,0x0000000771d00000)
  to   space 24064K, 0% used [0x0000000776400000,0x0000000776400000,0x0000000777b80000)
 ParOldGen       total 159744K, used 25053K [0x00000006c0800000, 0x00000006ca400000, 0x000000076ad80000)
  object space 159744K, 15% used [0x00000006c0800000,0x00000006c2077608,0x00000006ca400000)
 Metaspace       used 37204K, capacity 38154K, committed 38272K, reserved 1081344K
  class space    used 6506K, capacity 6702K, committed 6784K, reserved 1048576K
Event: 7.110 GC heap after
Heap after GC invocations=8 (full 2):
 PSYoungGen      total 184832K, used 20197K [0x000000076ad80000, 0x0000000777f00000, 0x00000007c0000000)
  eden space 160768K, 0% used [0x000000076ad80000,0x000000076ad80000,0x0000000774a80000)
  from space 24064K, 83% used [0x0000000776400000,0x00000007777b96c8,0x0000000777b80000)
  to   space 26112K, 0% used [0x0000000774a80000,0x0000000774a80000,0x0000000776400000)
 ParOldGen       total 159744K, used 25061K [0x00000006c0800000, 0x00000006ca400000, 0x000000076ad80000)
  object space 159744K, 15% used [0x00000006c0800000,0x00000006c2079608,0x00000006ca400000)
 Metaspace       used 37204K, capacity 38154K, committed 38272K, reserved 1081344K
  class space    used 6506K, capacity 6702K, committed 6784K, reserved 1048576K
}
Event: 10.444 GC heap before
{Heap before GC invocations=9 (full 2):
 PSYoungGen      total 184832K, used 180965K [0x000000076ad80000, 0x0000000777f00000, 0x00000007c0000000)
  eden space 160768K, 100% used [0x000000076ad80000,0x0000000774a80000,0x0000000774a80000)
  from space 24064K, 83% used [0x0000000776400000,0x00000007777b96c8,0x0000000777b80000)
  to   space 26112K, 0% used [0x0000000774a80000,0x0000000774a80000,0x0000000776400000)
 ParOldGen       total 159744K, used 25061K [0x00000006c0800000, 0x00000006ca400000, 0x000000076ad80000)
  object space 159744K, 15% used [0x00000006c0800000,0x00000006c2079608,0x00000006ca400000)
 Metaspace       used 39323K, capacity 41002K, committed 41344K, reserved 1083392K
  class space    used 6862K, capacity 7182K, committed 7296K, reserved 1048576K
Event: 10.486 GC heap after
Heap after GC invocations=9 (full 2):
 PSYoungGen      total 186880K, used 26090K [0x000000076ad80000, 0x0000000777f00000, 0x00000007c0000000)
  eden space 160768K, 0% used [0x000000076ad80000,0x000000076ad80000,0x0000000774a80000)
  from space 26112K, 99% used [0x0000000774a80000,0x00000007763fa990,0x0000000776400000)
  to   space 24064K, 0% used [0x0000000776400000,0x0000000776400000,0x0000000777b80000)
 ParOldGen       total 159744K, used 37583K [0x00000006c0800000, 0x00000006ca400000, 0x000000076ad80000)
  object space 159744K, 23% used [0x00000006c0800000,0x00000006c2cb3c78,0x00000006ca400000)
 Metaspace       used 39323K, capacity 41002K, committed 41344K, reserved 1083392K
  class space    used 6862K, capacity 7182K, committed 7296K, reserved 1048576K
}
Event: 13.119 GC heap before
{Heap before GC invocations=10 (full 2):
 PSYoungGen      total 186880K, used 186858K [0x000000076ad80000, 0x0000000777f00000, 0x00000007c0000000)
  eden space 160768K, 100% used [0x000000076ad80000,0x0000000774a80000,0x0000000774a80000)
  from space 26112K, 99% used [0x0000000774a80000,0x00000007763fa990,0x0000000776400000)
  to   space 24064K, 0% used [0x0000000776400000,0x0000000776400000,0x0000000777b80000)
 ParOldGen       total 159744K, used 37583K [0x00000006c0800000, 0x00000006ca400000, 0x000000076ad80000)
  object space 159744K, 23% used [0x00000006c0800000,0x00000006c2cb3c78,0x00000006ca400000)
 Metaspace       used 40349K, capacity 42664K, committed 42880K, reserved 1085440K
  class space    used 6996K, capacity 7479K, committed 7552K, reserved 1048576K
Event: 13.163 GC heap after
Heap after GC invocations=10 (full 2):
 PSYoungGen      total 184832K, used 24053K [0x000000076ad80000, 0x0000000777f00000, 0x00000007c0000000)
  eden space 160768K, 0% used [0x000000076ad80000,0x000000076ad80000,0x0000000774a80000)
  from space 24064K, 99% used [0x0000000776400000,0x0000000777b7d6a0,0x0000000777b80000)
  to   space 26112K, 0% used [0x0000000774a80000,0x0000000774a80000,0x0000000776400000)
 ParOldGen       total 159744K, used 57917K [0x00000006c0800000, 0x00000006ca400000, 0x000000076ad80000)
  object space 159744K, 36% used [0x00000006c0800000,0x00000006c408f618,0x00000006ca400000)
 Metaspace       used 40349K, capacity 42664K, committed 42880K, reserved 1085440K
  class space    used 6996K, capacity 7479K, committed 7552K, reserved 1048576K
}
Event: 15.415 GC heap before
{Heap before GC invocations=11 (full 2):
 PSYoungGen      total 184832K, used 184821K [0x000000076ad80000, 0x0000000777f00000, 0x00000007c0000000)
  eden space 160768K, 100% used [0x000000076ad80000,0x0000000774a80000,0x0000000774a80000)
  from space 24064K, 99% used [0x0000000776400000,0x0000000777b7d6a0,0x0000000777b80000)
  to   space 26112K, 0% used [0x0000000774a80000,0x0000000774a80000,0x0000000776400000)
 ParOldGen       total 159744K, used 57917K [0x00000006c0800000, 0x00000006ca400000, 0x000000076ad80000)
  object space 159744K, 36% used [0x00000006c0800000,0x00000006c408f618,0x00000006ca400000)
 Metaspace       used 41272K, capacity 44364K, committed 44672K, reserved 1085440K
  class space    used 7105K, capacity 7714K, committed 7808K, reserved 1048576K
Event: 15.458 GC heap after
Heap after GC invocations=11 (full 2):
 PSYoungGen      total 186880K, used 26101K [0x000000076ad80000, 0x0000000777f00000, 0x00000007c0000000)
  eden space 160768K, 0% used [0x000000076ad80000,0x000000076ad80000,0x0000000774a80000)
  from space 26112K, 99% used [0x0000000774a80000,0x00000007763fd7d0,0x0000000776400000)
  to   space 24064K, 0% used [0x0000000776400000,0x0000000776400000,0x0000000777b80000)
 ParOldGen       total 159744K, used 81437K [0x00000006c0800000, 0x00000006ca400000, 0x000000076ad80000)
  object space 159744K, 50% used [0x00000006c0800000,0x00000006c5787670,0x00000006ca400000)
 Metaspace       used 41272K, capacity 44364K, committed 44672K, reserved 1085440K
  class space    used 7105K, capacity 7714K, committed 7808K, reserved 1048576K
}

